The system is: Windows - 10.0.22631 - AMD64
Compiling the CXX compiler identification source file "CMakeCXXCompilerId.cpp" succeeded.
Compiler:  
Build flags: 
Id flags:  

The output was:
0
MSBuild version 17.12.6+db5f6012c for .NET Framework
Build started 12/21/2024 11:34:22 AM.

Project "C:\Users\vlue1\Desktop\2 uzduotis\build\CMakeFiles\3.25.0-rc1\CompilerIdCXX\CompilerIdCXX.vcxproj" on node 1 (default targets).
PrepareForBuild:
  Creating directory "Debug\".
  Structured output is enabled. The formatting of compiler diagnostics will reflect the error hierarchy. See https://aka.ms/cpp/structured-output for more details.
  Creating directory "Debug\CompilerIdCXX.tlog\".
InitializeBuildStatus:
  Creating "Debug\CompilerIdCXX.tlog\unsuccessfulbuild" because "AlwaysCreate" was specified.
  Touching "Debug\CompilerIdCXX.tlog\unsuccessfulbuild".
ClCompile:
  C:\Program Files\Microsoft Visual Studio\2022\Community\VC\Tools\MSVC\14.42.34433\bin\HostArm64\arm64\CL.exe /c /nologo /W0 /WX- /diagnostics:column /Od /Oy- /D _ARM64_WINAPI_PARTITION_DESKTOP_SDK_AVAILABLE=1 /D _MBCS /Gm- /EHsc /RTC1 /MDd /GS /fp:precise /Zc:wchar_t /Zc:forScope /Zc:inline /Fo"Debug\\" /Fd"Debug\vc143.pdb" /external:W0 /Gd /TP /analyze- /FC /errorReport:queue CMakeCXXCompilerId.cpp
  CMakeCXXCompilerId.cpp
Link:
  C:\Program Files\Microsoft Visual Studio\2022\Community\VC\Tools\MSVC\14.42.34433\bin\HostArm64\arm64\link.exe /ERRORREPORT:QUEUE /OUT:".\CompilerIdCXX.exe" /INCREMENTAL:NO /NOLOGO kernel32.lib user32.lib gdi32.lib winspool.lib comdlg32.lib advapi32.lib shell32.lib ole32.lib oleaut32.lib uuid.lib odbc32.lib odbccp32.lib /MANIFEST /MANIFESTUAC:"level='asInvoker' uiAccess='false'" /manifest:embed /PDB:".\CompilerIdCXX.pdb" /SUBSYSTEM:CONSOLE /TLBID:1 /DYNAMICBASE /NXCOMPAT /IMPLIB:".\CompilerIdCXX.lib" /MACHINE:ARM64 Debug\CMakeCXXCompilerId.obj
  CompilerIdCXX.vcxproj -> C:\Users\vlue1\Desktop\2 uzduotis\build\CMakeFiles\3.25.0-rc1\CompilerIdCXX\CompilerIdCXX.exe
PostBuildEvent:
  for %%i in (cl.exe) do @echo CMAKE_CXX_COMPILER=%%~$PATH:i
  :VCEnd
  CMAKE_CXX_COMPILER=C:\Program Files\Microsoft Visual Studio\2022\Community\VC\Tools\MSVC\14.42.34433\bin\Hostarm64\arm64\cl.exe
FinalizeBuildStatus:
  Deleting file "Debug\CompilerIdCXX.tlog\unsuccessfulbuild".
  Touching "Debug\CompilerIdCXX.tlog\CompilerIdCXX.lastbuildstate".
Done Building Project "C:\Users\vlue1\Desktop\2 uzduotis\build\CMakeFiles\3.25.0-rc1\CompilerIdCXX\CompilerIdCXX.vcxproj" (default targets).

Build succeeded.
    0 Warning(s)
    0 Error(s)

Time Elapsed 00:00:01.92


Compilation of the CXX compiler identification source "CMakeCXXCompilerId.cpp" produced "CompilerIdCXX.exe"

Compilation of the CXX compiler identification source "CMakeCXXCompilerId.cpp" produced "CompilerIdCXX.vcxproj"

The CXX compiler identification is MSVC, found in "C:/Users/vlue1/Desktop/2 uzduotis/build/CMakeFiles/3.25.0-rc1/CompilerIdCXX/CompilerIdCXX.exe"

Detecting CXX compiler ABI info compiled with the following output:
Change Dir: C:/Users/vlue1/Desktop/2 uzduotis/build/CMakeFiles/CMakeScratch/TryCompile-dq3r1h

Run Build Command(s):C:/Program Files/Microsoft Visual Studio/2022/Community/MSBuild/Current/Bin/arm64/MSBuild.exe cmTC_c6c32.vcxproj /p:Configuration=Debug /p:Platform=ARM64 /p:VisualStudioVersion=17.0 /v:m && MSBuild version 17.12.6+db5f6012c for .NET Framework

  Microsoft (R) C/C++ Optimizing Compiler Version 19.42.34433 for ARM64
  Copyright (C) Microsoft Corporation.  All rights reserved.
  cl /c /Zi /W1 /WX- /diagnostics:column /Od /Ob0 /Oy- /D _ARM64_WINAPI_PARTITION_DESKTOP_SDK_AVAILABLE=1 /D _MBCS /D WIN32 /D _WINDOWS /D "CMAKE_INTDIR=\"Debug\"" /Gm- /EHsc /RTC1 /MDd /GS /fp:precise /Zc:wchar_t /Zc:forScope /Zc:inline /GR /Fo"cmTC_c6c32.dir\Debug\\" /Fd"cmTC_c6c32.dir\Debug\vc143.pdb" /external:W1 /Gd /TP /analyze- /errorReport:queue "C:\Program Files\CMake\share\cmake-3.25\Modules\CMakeCXXCompilerABI.cpp"
  CMakeCXXCompilerABI.cpp
  cmTC_c6c32.vcxproj -> C:\Users\vlue1\Desktop\2 uzduotis\build\CMakeFiles\CMakeScratch\TryCompile-dq3r1h\Debug\cmTC_c6c32.exe



Compiling the C compiler identification source file "CMakeCCompilerId.c" succeeded.
Compiler:  
Build flags: 
Id flags:  

The output was:
0
MSBuild version 17.12.6+db5f6012c for .NET Framework
Build started 12/21/2024 11:34:25 AM.

Project "C:\Users\vlue1\Desktop\2 uzduotis\build\CMakeFiles\3.25.0-rc1\CompilerIdC\CompilerIdC.vcxproj" on node 1 (default targets).
PrepareForBuild:
  Creating directory "Debug\".
  Structured output is enabled. The formatting of compiler diagnostics will reflect the error hierarchy. See https://aka.ms/cpp/structured-output for more details.
  Creating directory "Debug\CompilerIdC.tlog\".
InitializeBuildStatus:
  Creating "Debug\CompilerIdC.tlog\unsuccessfulbuild" because "AlwaysCreate" was specified.
  Touching "Debug\CompilerIdC.tlog\unsuccessfulbuild".
ClCompile:
  C:\Program Files\Microsoft Visual Studio\2022\Community\VC\Tools\MSVC\14.42.34433\bin\HostArm64\arm64\CL.exe /c /nologo /W0 /WX- /diagnostics:column /Od /Oy- /D _ARM64_WINAPI_PARTITION_DESKTOP_SDK_AVAILABLE=1 /D _MBCS /Gm- /EHsc /RTC1 /MDd /GS /fp:precise /Zc:wchar_t /Zc:forScope /Zc:inline /Fo"Debug\\" /Fd"Debug\vc143.pdb" /external:W0 /Gd /TC /analyze- /FC /errorReport:queue CMakeCCompilerId.c
  CMakeCCompilerId.c
Link:
  C:\Program Files\Microsoft Visual Studio\2022\Community\VC\Tools\MSVC\14.42.34433\bin\HostArm64\arm64\link.exe /ERRORREPORT:QUEUE /OUT:".\CompilerIdC.exe" /INCREMENTAL:NO /NOLOGO kernel32.lib user32.lib gdi32.lib winspool.lib comdlg32.lib advapi32.lib shell32.lib ole32.lib oleaut32.lib uuid.lib odbc32.lib odbccp32.lib /MANIFEST /MANIFESTUAC:"level='asInvoker' uiAccess='false'" /manifest:embed /PDB:".\CompilerIdC.pdb" /SUBSYSTEM:CONSOLE /TLBID:1 /DYNAMICBASE /NXCOMPAT /IMPLIB:".\CompilerIdC.lib" /MACHINE:ARM64 Debug\CMakeCCompilerId.obj
  CompilerIdC.vcxproj -> C:\Users\vlue1\Desktop\2 uzduotis\build\CMakeFiles\3.25.0-rc1\CompilerIdC\CompilerIdC.exe
PostBuildEvent:
  for %%i in (cl.exe) do @echo CMAKE_C_COMPILER=%%~$PATH:i
  :VCEnd
  CMAKE_C_COMPILER=C:\Program Files\Microsoft Visual Studio\2022\Community\VC\Tools\MSVC\14.42.34433\bin\Hostarm64\arm64\cl.exe
FinalizeBuildStatus:
  Deleting file "Debug\CompilerIdC.tlog\unsuccessfulbuild".
  Touching "Debug\CompilerIdC.tlog\CompilerIdC.lastbuildstate".
Done Building Project "C:\Users\vlue1\Desktop\2 uzduotis\build\CMakeFiles\3.25.0-rc1\CompilerIdC\CompilerIdC.vcxproj" (default targets).

Build succeeded.
    0 Warning(s)
    0 Error(s)

Time Elapsed 00:00:00.77


Compilation of the C compiler identification source "CMakeCCompilerId.c" produced "CompilerIdC.exe"

Compilation of the C compiler identification source "CMakeCCompilerId.c" produced "CompilerIdC.vcxproj"

The C compiler identification is MSVC, found in "C:/Users/vlue1/Desktop/2 uzduotis/build/CMakeFiles/3.25.0-rc1/CompilerIdC/CompilerIdC.exe"

Detecting C compiler ABI info compiled with the following output:
Change Dir: C:/Users/vlue1/Desktop/2 uzduotis/build/CMakeFiles/CMakeScratch/TryCompile-pl00da

Run Build Command(s):C:/Program Files/Microsoft Visual Studio/2022/Community/MSBuild/Current/Bin/arm64/MSBuild.exe cmTC_0329e.vcxproj /p:Configuration=Debug /p:Platform=ARM64 /p:VisualStudioVersion=17.0 /v:m && MSBuild version 17.12.6+db5f6012c for .NET Framework

  Microsoft (R) C/C++ Optimizing Compiler Version 19.42.34433 for ARM64
  Copyright (C) Microsoft Corporation.  All rights reserved.
  cl /c /Zi /W1 /WX- /diagnostics:column /Od /Ob0 /Oy- /D _ARM64_WINAPI_PARTITION_DESKTOP_SDK_AVAILABLE=1 /D _MBCS /D WIN32 /D _WINDOWS /D "CMAKE_INTDIR=\"Debug\"" /Gm- /RTC1 /MDd /GS /fp:precise /Zc:wchar_t /Zc:forScope /Zc:inline /Fo"cmTC_0329e.dir\Debug\\" /Fd"cmTC_0329e.dir\Debug\vc143.pdb" /external:W1 /Gd /TC /analyze- /errorReport:queue "C:\Program Files\CMake\share\cmake-3.25\Modules\CMakeCCompilerABI.c"
  CMakeCCompilerABI.c
  cmTC_0329e.vcxproj -> C:\Users\vlue1\Desktop\2 uzduotis\build\CMakeFiles\CMakeScratch\TryCompile-pl00da\Debug\cmTC_0329e.exe



